---------------------------------------------------------------

[2021-11-19T10:48:45+08:00] 127.0.0.1 GET tpadmin.test:8081/
[运行时间：0.108136s] [吞吐率：9.25req/s] [内存消耗：3,565.11kb] [文件加载：62]
[ info ] [ LANG ] K:\study_php\web\tpadmin\thinkphp\lang\zh-cn.php
[ info ] [ ROUTE ] array (
)
[ info ] [ HEADER ] array (
  'host' => 'tpadmin.test:8081',
  'connection' => 'keep-alive',
  'upgrade-insecure-requests' => '1',
  'user-agent' => 'Mozilla/5.0 (Windows NT 10.0; Win64; x64) AppleWebKit/537.36 (KHTML, like Gecko) Chrome/95.0.4638.69 Safari/537.36 Edg/95.0.1020.53',
  'accept' => 'text/html,application/xhtml+xml,application/xml;q=0.9,image/webp,image/apng,*/*;q=0.8,application/signed-exchange;v=b3;q=0.9',
  'accept-encoding' => 'gzip, deflate',
  'accept-language' => 'zh-CN,zh;q=0.9,en;q=0.8,en-GB;q=0.7,en-US;q=0.6',
)
[ info ] [ PARAM ] array (
)
---------------------------------------------------------------

[2021-11-19T10:48:56+08:00] 127.0.0.1 GET tpadmin.test:8081/admin/index/login.html
[运行时间：0.219944s] [吞吐率：4.55req/s] [内存消耗：3,831.85kb] [文件加载：69]
[ info ] [ LANG ] K:\study_php\web\tpadmin\thinkphp\lang\zh-cn.php
[ info ] [ ROUTE ] array (
)
[ info ] [ HEADER ] array (
  'host' => 'tpadmin.test:8081',
  'connection' => 'keep-alive',
  'upgrade-insecure-requests' => '1',
  'user-agent' => 'Mozilla/5.0 (Windows NT 10.0; Win64; x64) AppleWebKit/537.36 (KHTML, like Gecko) Chrome/95.0.4638.69 Safari/537.36 Edg/95.0.1020.53',
  'accept' => 'text/html,application/xhtml+xml,application/xml;q=0.9,image/webp,image/apng,*/*;q=0.8,application/signed-exchange;v=b3;q=0.9',
  'accept-encoding' => 'gzip, deflate',
  'accept-language' => 'zh-CN,zh;q=0.9,en;q=0.8,en-GB;q=0.7,en-US;q=0.6',
)
[ info ] [ PARAM ] array (
)
[ info ] [ VIEW ] K:\study_php\web\tpadmin\application\admin\view\index\login.html [ array (
) ]
---------------------------------------------------------------

[2021-11-19T10:48:56+08:00] 127.0.0.1 GET tpadmin.test:8081/captcha.html
[运行时间：0.104193s] [吞吐率：9.60req/s] [内存消耗：2,853.07kb] [文件加载：55]
[ info ] [ LANG ] K:\study_php\web\tpadmin\thinkphp\lang\zh-cn.php
[ info ] [ ROUTE ] array (
  'rule' => 'captcha/<id?>',
  'route' => '\\think\\captcha\\CaptchaController@index',
  'option' => 
  array (
    'merge_rule_regex' => false,
  ),
  'var' => 
  array (
  ),
)
[ info ] [ HEADER ] array (
  'host' => 'tpadmin.test:8081',
  'connection' => 'keep-alive',
  'user-agent' => 'Mozilla/5.0 (Windows NT 10.0; Win64; x64) AppleWebKit/537.36 (KHTML, like Gecko) Chrome/95.0.4638.69 Safari/537.36 Edg/95.0.1020.53',
  'accept' => 'image/webp,image/apng,image/svg+xml,image/*,*/*;q=0.8',
  'referer' => 'http://tpadmin.test:8081/admin/index/login.html',
  'accept-encoding' => 'gzip, deflate',
  'accept-language' => 'zh-CN,zh;q=0.9,en;q=0.8,en-GB;q=0.7,en-US;q=0.6',
)
[ info ] [ PARAM ] array (
)
---------------------------------------------------------------

[2021-11-19T10:57:41+08:00] 127.0.0.1 GET tpadmin.test:8081/admin/index/login.html
[运行时间：0.166255s] [吞吐率：6.01req/s] [内存消耗：4,199.09kb] [文件加载：76]
[ info ] [ LANG ] K:\study_php\web\tpadmin\thinkphp\lang\zh-cn.php
[ info ] [ ROUTE ] array (
)
[ info ] [ HEADER ] array (
  'host' => 'tpadmin.test:8081',
  'connection' => 'keep-alive',
  'cache-control' => 'max-age=0',
  'upgrade-insecure-requests' => '1',
  'user-agent' => 'Mozilla/5.0 (Windows NT 10.0; Win64; x64) AppleWebKit/537.36 (KHTML, like Gecko) Chrome/95.0.4638.69 Safari/537.36 Edg/95.0.1020.53',
  'accept' => 'text/html,application/xhtml+xml,application/xml;q=0.9,image/webp,image/apng,*/*;q=0.8,application/signed-exchange;v=b3;q=0.9',
  'accept-encoding' => 'gzip, deflate',
  'accept-language' => 'zh-CN,zh;q=0.9,en;q=0.8,en-GB;q=0.7,en-US;q=0.6',
  'cookie' => 'PHPSESSID=dilhvc91vhlnmpkn6r4gj8vre7',
)
[ info ] [ PARAM ] array (
)
[ info ] [ VIEW ] K:\study_php\web\tpadmin\application\admin\view\index\login.html [ array (
) ]
[ error ] [8]未定义变量: token[K:\study_php\web\tpadmin\runtime\temp\15c4cf530b255e353d45982148f64548.php:43]
---------------------------------------------------------------

[2021-11-19T10:58:10+08:00] 127.0.0.1 GET tpadmin.test:8081/admin/index/login.html
[运行时间：0.199525s] [吞吐率：5.01req/s] [内存消耗：4,199.07kb] [文件加载：76]
[ info ] [ LANG ] K:\study_php\web\tpadmin\thinkphp\lang\zh-cn.php
[ info ] [ ROUTE ] array (
)
[ info ] [ HEADER ] array (
  'host' => 'tpadmin.test:8081',
  'connection' => 'keep-alive',
  'cache-control' => 'max-age=0',
  'upgrade-insecure-requests' => '1',
  'user-agent' => 'Mozilla/5.0 (Windows NT 10.0; Win64; x64) AppleWebKit/537.36 (KHTML, like Gecko) Chrome/95.0.4638.69 Safari/537.36 Edg/95.0.1020.53',
  'accept' => 'text/html,application/xhtml+xml,application/xml;q=0.9,image/webp,image/apng,*/*;q=0.8,application/signed-exchange;v=b3;q=0.9',
  'accept-encoding' => 'gzip, deflate',
  'accept-language' => 'zh-CN,zh;q=0.9,en;q=0.8,en-GB;q=0.7,en-US;q=0.6',
  'cookie' => 'PHPSESSID=dilhvc91vhlnmpkn6r4gj8vre7',
)
[ info ] [ PARAM ] array (
)
[ info ] [ VIEW ] K:\study_php\web\tpadmin\application\admin\view\index\login.html [ array (
) ]
[ error ] [8]未定义变量: token[K:\study_php\web\tpadmin\runtime\temp\15c4cf530b255e353d45982148f64548.php:43]
---------------------------------------------------------------

[2021-11-19T10:58:34+08:00] 127.0.0.1 GET tpadmin.test:8081/admin/index/login.html
[运行时间：0.210961s] [吞吐率：4.74req/s] [内存消耗：4,199.05kb] [文件加载：76]
[ info ] [ LANG ] K:\study_php\web\tpadmin\thinkphp\lang\zh-cn.php
[ info ] [ ROUTE ] array (
)
[ info ] [ HEADER ] array (
  'host' => 'tpadmin.test:8081',
  'connection' => 'keep-alive',
  'cache-control' => 'max-age=0',
  'upgrade-insecure-requests' => '1',
  'user-agent' => 'Mozilla/5.0 (Windows NT 10.0; Win64; x64) AppleWebKit/537.36 (KHTML, like Gecko) Chrome/95.0.4638.69 Safari/537.36 Edg/95.0.1020.53',
  'accept' => 'text/html,application/xhtml+xml,application/xml;q=0.9,image/webp,image/apng,*/*;q=0.8,application/signed-exchange;v=b3;q=0.9',
  'accept-encoding' => 'gzip, deflate',
  'accept-language' => 'zh-CN,zh;q=0.9,en;q=0.8,en-GB;q=0.7,en-US;q=0.6',
  'cookie' => 'PHPSESSID=dilhvc91vhlnmpkn6r4gj8vre7',
)
[ info ] [ PARAM ] array (
)
[ info ] [ VIEW ] K:\study_php\web\tpadmin\application\admin\view\index\login.html [ array (
) ]
[ error ] [8]未定义变量: token[K:\study_php\web\tpadmin\runtime\temp\15c4cf530b255e353d45982148f64548.php:43]
---------------------------------------------------------------

[2021-11-19T10:58:49+08:00] 127.0.0.1 GET tpadmin.test:8081/admin/index/login.html
[运行时间：0.338865s] [吞吐率：2.95req/s] [内存消耗：4,199.02kb] [文件加载：76]
[ info ] [ LANG ] K:\study_php\web\tpadmin\thinkphp\lang\zh-cn.php
[ info ] [ ROUTE ] array (
)
[ info ] [ HEADER ] array (
  'host' => 'tpadmin.test:8081',
  'connection' => 'keep-alive',
  'cache-control' => 'max-age=0',
  'upgrade-insecure-requests' => '1',
  'user-agent' => 'Mozilla/5.0 (Windows NT 10.0; Win64; x64) AppleWebKit/537.36 (KHTML, like Gecko) Chrome/95.0.4638.69 Safari/537.36 Edg/95.0.1020.53',
  'accept' => 'text/html,application/xhtml+xml,application/xml;q=0.9,image/webp,image/apng,*/*;q=0.8,application/signed-exchange;v=b3;q=0.9',
  'accept-encoding' => 'gzip, deflate',
  'accept-language' => 'zh-CN,zh;q=0.9,en;q=0.8,en-GB;q=0.7,en-US;q=0.6',
  'cookie' => 'PHPSESSID=dilhvc91vhlnmpkn6r4gj8vre7',
)
[ info ] [ PARAM ] array (
)
[ info ] [ VIEW ] K:\study_php\web\tpadmin\application\admin\view\index\login.html [ array (
) ]
[ error ] [8]未定义变量: token[K:\study_php\web\tpadmin\runtime\temp\15c4cf530b255e353d45982148f64548.php:43]
---------------------------------------------------------------

[2021-11-19T10:58:53+08:00] 127.0.0.1 GET tpadmin.test:8081/admin/index/login.html
[运行时间：0.109548s] [吞吐率：9.13req/s] [内存消耗：3,946.20kb] [文件加载：74]
[ info ] [ LANG ] K:\study_php\web\tpadmin\thinkphp\lang\zh-cn.php
[ info ] [ ROUTE ] array (
)
[ info ] [ HEADER ] array (
  'host' => 'tpadmin.test:8081',
  'connection' => 'keep-alive',
  'cache-control' => 'max-age=0',
  'upgrade-insecure-requests' => '1',
  'user-agent' => 'Mozilla/5.0 (Windows NT 10.0; Win64; x64) AppleWebKit/537.36 (KHTML, like Gecko) Chrome/95.0.4638.69 Safari/537.36 Edg/95.0.1020.53',
  'accept' => 'text/html,application/xhtml+xml,application/xml;q=0.9,image/webp,image/apng,*/*;q=0.8,application/signed-exchange;v=b3;q=0.9',
  'accept-encoding' => 'gzip, deflate',
  'accept-language' => 'zh-CN,zh;q=0.9,en;q=0.8,en-GB;q=0.7,en-US;q=0.6',
  'cookie' => 'PHPSESSID=dilhvc91vhlnmpkn6r4gj8vre7',
)
[ info ] [ PARAM ] array (
)
[ info ] [ VIEW ] K:\study_php\web\tpadmin\application\admin\view\index\login.html [ array (
) ]
[ error ] [8]未定义变量: token[K:\study_php\web\tpadmin\runtime\temp\15c4cf530b255e353d45982148f64548.php:43]
---------------------------------------------------------------

[2021-11-19T13:22:44+08:00] 127.0.0.1 GET tpadmin.test:8081/admin/index/login.html
[运行时间：0.084637s] [吞吐率：11.82req/s] [内存消耗：4,199.32kb] [文件加载：76]
[ info ] [ LANG ] K:\study_php\web\tpadmin\thinkphp\lang\zh-cn.php
[ info ] [ ROUTE ] array (
)
[ info ] [ HEADER ] array (
  'host' => 'tpadmin.test:8081',
  'connection' => 'keep-alive',
  'cache-control' => 'max-age=0',
  'upgrade-insecure-requests' => '1',
  'user-agent' => 'Mozilla/5.0 (Windows NT 10.0; Win64; x64) AppleWebKit/537.36 (KHTML, like Gecko) Chrome/95.0.4638.69 Safari/537.36 Edg/95.0.1020.53',
  'accept' => 'text/html,application/xhtml+xml,application/xml;q=0.9,image/webp,image/apng,*/*;q=0.8,application/signed-exchange;v=b3;q=0.9',
  'accept-encoding' => 'gzip, deflate',
  'accept-language' => 'zh-CN,zh;q=0.9,en;q=0.8,en-GB;q=0.7,en-US;q=0.6',
  'cookie' => 'thinkphp_show_page_trace=0|0; thinkphp_show_page_trace=0|0; PHPSESSID=6brh0oldi9j0daebeln5llcfb4',
)
[ info ] [ PARAM ] array (
)
[ info ] [ VIEW ] K:\study_php\web\tpadmin\application\admin\view\index\login.html [ array (
) ]
[ error ] [8]未定义变量: token[K:\study_php\web\tpadmin\runtime\temp\15c4cf530b255e353d45982148f64548.php:43]
---------------------------------------------------------------

[2021-11-19T13:22:45+08:00] 127.0.0.1 GET tpadmin.test:8081/admin/index/login.html
[运行时间：0.057392s] [吞吐率：17.42req/s] [内存消耗：3,946.42kb] [文件加载：74]
[ info ] [ LANG ] K:\study_php\web\tpadmin\thinkphp\lang\zh-cn.php
[ info ] [ ROUTE ] array (
)
[ info ] [ HEADER ] array (
  'host' => 'tpadmin.test:8081',
  'connection' => 'keep-alive',
  'cache-control' => 'max-age=0',
  'upgrade-insecure-requests' => '1',
  'user-agent' => 'Mozilla/5.0 (Windows NT 10.0; Win64; x64) AppleWebKit/537.36 (KHTML, like Gecko) Chrome/95.0.4638.69 Safari/537.36 Edg/95.0.1020.53',
  'accept' => 'text/html,application/xhtml+xml,application/xml;q=0.9,image/webp,image/apng,*/*;q=0.8,application/signed-exchange;v=b3;q=0.9',
  'accept-encoding' => 'gzip, deflate',
  'accept-language' => 'zh-CN,zh;q=0.9,en;q=0.8,en-GB;q=0.7,en-US;q=0.6',
  'cookie' => 'thinkphp_show_page_trace=0|0; thinkphp_show_page_trace=0|0; PHPSESSID=6brh0oldi9j0daebeln5llcfb4',
)
[ info ] [ PARAM ] array (
)
[ info ] [ VIEW ] K:\study_php\web\tpadmin\application\admin\view\index\login.html [ array (
) ]
[ error ] [8]未定义变量: token[K:\study_php\web\tpadmin\runtime\temp\15c4cf530b255e353d45982148f64548.php:43]
---------------------------------------------------------------

[2021-11-19T13:23:13+08:00] 127.0.0.1 GET tpadmin.test:8081/admin/index/login.html
[运行时间：0.056332s] [吞吐率：17.75req/s] [内存消耗：4,084.80kb] [文件加载：71]
[ info ] [ LANG ] K:\study_php\web\tpadmin\thinkphp\lang\zh-cn.php
[ info ] [ ROUTE ] array (
)
[ info ] [ HEADER ] array (
  'host' => 'tpadmin.test:8081',
  'connection' => 'keep-alive',
  'cache-control' => 'max-age=0',
  'upgrade-insecure-requests' => '1',
  'user-agent' => 'Mozilla/5.0 (Windows NT 10.0; Win64; x64) AppleWebKit/537.36 (KHTML, like Gecko) Chrome/95.0.4638.69 Safari/537.36 Edg/95.0.1020.53',
  'accept' => 'text/html,application/xhtml+xml,application/xml;q=0.9,image/webp,image/apng,*/*;q=0.8,application/signed-exchange;v=b3;q=0.9',
  'accept-encoding' => 'gzip, deflate',
  'accept-language' => 'zh-CN,zh;q=0.9,en;q=0.8,en-GB;q=0.7,en-US;q=0.6',
  'cookie' => 'thinkphp_show_page_trace=0|0; thinkphp_show_page_trace=0|0; PHPSESSID=6brh0oldi9j0daebeln5llcfb4',
)
[ info ] [ PARAM ] array (
)
[ info ] [ VIEW ] K:\study_php\web\tpadmin\application\admin\view\index\login.html [ array (
) ]
---------------------------------------------------------------

[2021-11-19T13:23:13+08:00] 127.0.0.1 GET tpadmin.test:8081/captcha.html
[运行时间：0.051303s] [吞吐率：19.49req/s] [内存消耗：2,853.84kb] [文件加载：55]
[ info ] [ LANG ] K:\study_php\web\tpadmin\thinkphp\lang\zh-cn.php
[ info ] [ ROUTE ] array (
  'rule' => 'captcha/<id?>',
  'route' => '\\think\\captcha\\CaptchaController@index',
  'option' => 
  array (
    'merge_rule_regex' => false,
  ),
  'var' => 
  array (
  ),
)
[ info ] [ HEADER ] array (
  'host' => 'tpadmin.test:8081',
  'connection' => 'keep-alive',
  'user-agent' => 'Mozilla/5.0 (Windows NT 10.0; Win64; x64) AppleWebKit/537.36 (KHTML, like Gecko) Chrome/95.0.4638.69 Safari/537.36 Edg/95.0.1020.53',
  'accept' => 'image/webp,image/apng,image/svg+xml,image/*,*/*;q=0.8',
  'referer' => 'http://tpadmin.test:8081/admin/index/login.html',
  'accept-encoding' => 'gzip, deflate',
  'accept-language' => 'zh-CN,zh;q=0.9,en;q=0.8,en-GB;q=0.7,en-US;q=0.6',
  'cookie' => 'thinkphp_show_page_trace=0|0; PHPSESSID=6brh0oldi9j0daebeln5llcfb4',
)
[ info ] [ PARAM ] array (
)
---------------------------------------------------------------

[2021-11-19T13:23:23+08:00] 127.0.0.1 GET tpadmin.test:8081/static/common/toastr.js/2.1.4/toastr.js.map
[运行时间：0.048984s] [吞吐率：20.41req/s] [内存消耗：2,889.23kb] [文件加载：55]
[ info ] [ LANG ] K:\study_php\web\tpadmin\thinkphp\lang\zh-cn.php
---------------------------------------------------------------

[2021-11-19T13:23:23+08:00] 127.0.0.1 GET tpadmin.test:8081/static/common/twitter-bootstrap/3.4.1/css/bootstrap.min.css.map
[运行时间：0.044429s] [吞吐率：22.51req/s] [内存消耗：2,889.29kb] [文件加载：55]
[ info ] [ LANG ] K:\study_php\web\tpadmin\thinkphp\lang\zh-cn.php
---------------------------------------------------------------

[2021-11-19T13:23:28+08:00] 127.0.0.1 GET tpadmin.test:8081/static/common/toastr.js/2.1.4/toastr.js.map
[运行时间：0.048006s] [吞吐率：20.83req/s] [内存消耗：2,889.30kb] [文件加载：55]
[ info ] [ LANG ] K:\study_php\web\tpadmin\thinkphp\lang\zh-cn.php
