---------------------------------------------------------------

[2021-11-25T10:25:40+08:00] 127.0.0.1 GET tpadmin.test:8081/static/common/toastr.js/2.1.4/toastr.js.map
[运行时间：0.086596s] [吞吐率：11.55req/s] [内存消耗：2,890.77kb] [文件加载：55]
[ info ] [ LANG ] K:\study_php\web\tpadmin\thinkphp\lang\zh-cn.php
---------------------------------------------------------------

[2021-11-25T10:25:41+08:00] 127.0.0.1 GET tpadmin.test:8081/static/common/twitter-bootstrap/3.4.1/css/bootstrap.min.css.map
[运行时间：0.137207s] [吞吐率：7.29req/s] [内存消耗：2,890.87kb] [文件加载：55]
[ info ] [ LANG ] K:\study_php\web\tpadmin\thinkphp\lang\zh-cn.php
---------------------------------------------------------------

[2021-11-25T10:29:56+08:00] 127.0.0.1 GET tpadmin.test:8081/static/common/toastr.js/2.1.4/toastr.js.map
[运行时间：0.170636s] [吞吐率：5.86req/s] [内存消耗：2,890.77kb] [文件加载：55]
[ info ] [ LANG ] K:\study_php\web\tpadmin\thinkphp\lang\zh-cn.php
---------------------------------------------------------------

[2021-11-25T10:29:56+08:00] 127.0.0.1 GET tpadmin.test:8081/static/common/twitter-bootstrap/3.4.1/css/bootstrap.min.css.map
[运行时间：0.137970s] [吞吐率：7.25req/s] [内存消耗：2,890.87kb] [文件加载：55]
[ info ] [ LANG ] K:\study_php\web\tpadmin\thinkphp\lang\zh-cn.php
---------------------------------------------------------------

[2021-11-25T11:37:40+08:00] 127.0.0.1 GET tpadmin.test:8081/static/common/twitter-bootstrap/3.4.1/css/bootstrap.min.css.map
[运行时间：0.052614s] [吞吐率：19.01req/s] [内存消耗：2,890.87kb] [文件加载：55]
[ info ] [ LANG ] K:\study_php\web\tpadmin\thinkphp\lang\zh-cn.php
---------------------------------------------------------------

[2021-11-25T11:37:40+08:00] 127.0.0.1 GET tpadmin.test:8081/static/common/toastr.js/2.1.4/toastr.js.map
[运行时间：0.072313s] [吞吐率：13.83req/s] [内存消耗：2,890.77kb] [文件加载：55]
[ info ] [ LANG ] K:\study_php\web\tpadmin\thinkphp\lang\zh-cn.php
---------------------------------------------------------------

[2021-11-25T11:37:44+08:00] 127.0.0.1 GET tpadmin.test:8081/static/common/twitter-bootstrap/3.4.1/css/bootstrap.min.css.map
[运行时间：0.066819s] [吞吐率：14.97req/s] [内存消耗：2,890.87kb] [文件加载：55]
[ info ] [ LANG ] K:\study_php\web\tpadmin\thinkphp\lang\zh-cn.php
---------------------------------------------------------------

[2021-11-25T11:37:44+08:00] 127.0.0.1 GET tpadmin.test:8081/static/common/toastr.js/2.1.4/toastr.js.map
[运行时间：0.099844s] [吞吐率：10.02req/s] [内存消耗：2,890.77kb] [文件加载：55]
[ info ] [ LANG ] K:\study_php\web\tpadmin\thinkphp\lang\zh-cn.php
---------------------------------------------------------------

[2021-11-25T12:58:40+08:00] 127.0.0.1 GET tpadmin.test:8081/static/common/toastr.js/2.1.4/toastr.js.map
[运行时间：0.041179s] [吞吐率：24.28req/s] [内存消耗：2,890.77kb] [文件加载：55]
[ info ] [ LANG ] K:\study_php\web\tpadmin\thinkphp\lang\zh-cn.php
---------------------------------------------------------------

[2021-11-25T12:58:40+08:00] 127.0.0.1 GET tpadmin.test:8081/static/common/twitter-bootstrap/3.4.1/css/bootstrap.min.css.map
[运行时间：0.042850s] [吞吐率：23.34req/s] [内存消耗：2,890.87kb] [文件加载：55]
[ info ] [ LANG ] K:\study_php\web\tpadmin\thinkphp\lang\zh-cn.php
---------------------------------------------------------------

[2021-11-25T13:48:39+08:00] 127.0.0.1 GET tpadmin.test:8081/captcha.html
[运行时间：0.050831s] [吞吐率：19.67req/s] [内存消耗：2,854.95kb] [文件加载：55]
[ info ] [ LANG ] K:\study_php\web\tpadmin\thinkphp\lang\zh-cn.php
[ info ] [ ROUTE ] array (
  'rule' => 'captcha/<id?>',
  'route' => '\\think\\captcha\\CaptchaController@index',
  'option' => 
  array (
    'merge_rule_regex' => false,
  ),
  'var' => 
  array (
  ),
)
[ info ] [ HEADER ] array (
  'host' => 'tpadmin.test:8081',
  'connection' => 'keep-alive',
  'user-agent' => 'Mozilla/5.0 (Windows NT 10.0; Win64; x64) AppleWebKit/537.36 (KHTML, like Gecko) Chrome/96.0.4664.45 Safari/537.36 Edg/96.0.1054.29',
  'accept' => 'image/webp,image/apng,image/svg+xml,image/*,*/*;q=0.8',
  'referer' => 'http://tpadmin.test:8081/admin/index/login.html',
  'accept-encoding' => 'gzip, deflate',
  'accept-language' => 'zh-CN,zh;q=0.9,en;q=0.8,en-GB;q=0.7,en-US;q=0.6',
  'cookie' => 'PHPSESSID=su5bldu43u5t5r6af62gmu3as2',
)
[ info ] [ PARAM ] array (
)
---------------------------------------------------------------

[2021-11-25T13:49:08+08:00] 127.0.0.1 GET tpadmin.test:8081/captcha.html
[运行时间：0.048945s] [吞吐率：20.43req/s] [内存消耗：2,854.92kb] [文件加载：55]
[ info ] [ LANG ] K:\study_php\web\tpadmin\thinkphp\lang\zh-cn.php
[ info ] [ ROUTE ] array (
  'rule' => 'captcha/<id?>',
  'route' => '\\think\\captcha\\CaptchaController@index',
  'option' => 
  array (
    'merge_rule_regex' => false,
  ),
  'var' => 
  array (
  ),
)
[ info ] [ HEADER ] array (
  'host' => 'tpadmin.test:8081',
  'connection' => 'keep-alive',
  'user-agent' => 'Mozilla/5.0 (Windows NT 10.0; Win64; x64) AppleWebKit/537.36 (KHTML, like Gecko) Chrome/96.0.4664.45 Safari/537.36 Edg/96.0.1054.29',
  'accept' => 'image/webp,image/apng,image/svg+xml,image/*,*/*;q=0.8',
  'referer' => 'http://tpadmin.test:8081/admin/index/login.html',
  'accept-encoding' => 'gzip, deflate',
  'accept-language' => 'zh-CN,zh;q=0.9,en;q=0.8,en-GB;q=0.7,en-US;q=0.6',
  'cookie' => 'PHPSESSID=su5bldu43u5t5r6af62gmu3as2',
)
[ info ] [ PARAM ] array (
)
