---------------------------------------------------------------

[2021-11-28T16:17:56+08:00] 127.0.0.1 GET tpadmin.test:8081/
[运行时间：0.087588s] [吞吐率：11.42req/s] [内存消耗：3,567.52kb] [文件加载：62]
[ info ] [ LANG ] K:\study_php\web\tpadmin\thinkphp\lang\zh-cn.php
[ info ] [ ROUTE ] array (
)
[ info ] [ HEADER ] array (
  'host' => 'tpadmin.test:8081',
  'connection' => 'keep-alive',
  'upgrade-insecure-requests' => '1',
  'user-agent' => 'Mozilla/5.0 (Windows NT 10.0; Win64; x64) AppleWebKit/537.36 (KHTML, like Gecko) Chrome/96.0.4664.55 Safari/537.36 Edg/96.0.1054.34',
  'accept' => 'text/html,application/xhtml+xml,application/xml;q=0.9,image/webp,image/apng,*/*;q=0.8,application/signed-exchange;v=b3;q=0.9',
  'accept-encoding' => 'gzip, deflate',
  'accept-language' => 'zh-CN,zh;q=0.9,en;q=0.8,en-GB;q=0.7,en-US;q=0.6',
)
[ info ] [ PARAM ] array (
)
---------------------------------------------------------------

[2021-11-28T16:18:19+08:00] 127.0.0.1 GET tpadmin.test:8081/captcha.html
[运行时间：0.085480s] [吞吐率：11.70req/s] [内存消耗：2,854.92kb] [文件加载：55]
[ info ] [ LANG ] K:\study_php\web\tpadmin\thinkphp\lang\zh-cn.php
[ info ] [ ROUTE ] array (
  'rule' => 'captcha/<id?>',
  'route' => '\\think\\captcha\\CaptchaController@index',
  'option' => 
  array (
    'merge_rule_regex' => false,
  ),
  'var' => 
  array (
  ),
)
[ info ] [ HEADER ] array (
  'host' => 'tpadmin.test:8081',
  'connection' => 'keep-alive',
  'user-agent' => 'Mozilla/5.0 (Windows NT 10.0; Win64; x64) AppleWebKit/537.36 (KHTML, like Gecko) Chrome/96.0.4664.55 Safari/537.36 Edg/96.0.1054.34',
  'accept' => 'image/webp,image/apng,image/svg+xml,image/*,*/*;q=0.8',
  'referer' => 'http://tpadmin.test:8081/admin/index/login.html',
  'accept-encoding' => 'gzip, deflate',
  'accept-language' => 'zh-CN,zh;q=0.9,en;q=0.8,en-GB;q=0.7,en-US;q=0.6',
  'cookie' => 'PHPSESSID=329ega33dn8rdtapprq5vkb3a2',
)
[ info ] [ PARAM ] array (
)
---------------------------------------------------------------

[2021-11-28T16:18:34+08:00] 127.0.0.1 GET tpadmin.test:8081/captcha.html?_=0.38525541574664013
[运行时间：0.055522s] [吞吐率：18.01req/s] [内存消耗：2,855.21kb] [文件加载：55]
[ info ] [ LANG ] K:\study_php\web\tpadmin\thinkphp\lang\zh-cn.php
[ info ] [ ROUTE ] array (
  'rule' => 'captcha/<id?>',
  'route' => '\\think\\captcha\\CaptchaController@index',
  'option' => 
  array (
    'merge_rule_regex' => false,
  ),
  'var' => 
  array (
  ),
)
[ info ] [ HEADER ] array (
  'host' => 'tpadmin.test:8081',
  'connection' => 'keep-alive',
  'user-agent' => 'Mozilla/5.0 (Windows NT 10.0; Win64; x64) AppleWebKit/537.36 (KHTML, like Gecko) Chrome/96.0.4664.55 Safari/537.36 Edg/96.0.1054.34',
  'accept' => 'image/webp,image/apng,image/svg+xml,image/*,*/*;q=0.8',
  'referer' => 'http://tpadmin.test:8081/admin/index/login.html',
  'accept-encoding' => 'gzip, deflate',
  'accept-language' => 'zh-CN,zh;q=0.9,en;q=0.8,en-GB;q=0.7,en-US;q=0.6',
  'cookie' => 'PHPSESSID=329ega33dn8rdtapprq5vkb3a2',
)
[ info ] [ PARAM ] array (
  '_' => '0.38525541574664013',
)
---------------------------------------------------------------

[2021-11-28T16:49:43+08:00] 127.0.0.1 GET tpadmin.test:8081/static/common/toastr.js/2.1.4/toastr.js.map
[运行时间：0.068653s] [吞吐率：14.57req/s] [内存消耗：2,890.77kb] [文件加载：55]
[ info ] [ LANG ] K:\study_php\web\tpadmin\thinkphp\lang\zh-cn.php
---------------------------------------------------------------

[2021-11-28T16:49:43+08:00] 127.0.0.1 GET tpadmin.test:8081/static/common/twitter-bootstrap/3.4.1/css/bootstrap.min.css.map
[运行时间：0.057297s] [吞吐率：17.45req/s] [内存消耗：2,890.87kb] [文件加载：55]
[ info ] [ LANG ] K:\study_php\web\tpadmin\thinkphp\lang\zh-cn.php
---------------------------------------------------------------

[2021-11-28T16:49:52+08:00] 127.0.0.1 GET tpadmin.test:8081/static/common/toastr.js/2.1.4/toastr.js.map
[运行时间：0.086847s] [吞吐率：11.51req/s] [内存消耗：2,890.77kb] [文件加载：55]
[ info ] [ LANG ] K:\study_php\web\tpadmin\thinkphp\lang\zh-cn.php
---------------------------------------------------------------

[2021-11-28T16:49:52+08:00] 127.0.0.1 GET tpadmin.test:8081/static/common/twitter-bootstrap/3.4.1/css/bootstrap.min.css.map
[运行时间：0.086850s] [吞吐率：11.51req/s] [内存消耗：2,890.87kb] [文件加载：55]
[ info ] [ LANG ] K:\study_php\web\tpadmin\thinkphp\lang\zh-cn.php
---------------------------------------------------------------

[2021-11-28T16:50:28+08:00] 127.0.0.1 GET tpadmin.test:8081/static/common/toastr.js/2.1.4/toastr.js.map
[运行时间：0.129482s] [吞吐率：7.72req/s] [内存消耗：2,890.77kb] [文件加载：55]
[ info ] [ LANG ] K:\study_php\web\tpadmin\thinkphp\lang\zh-cn.php
---------------------------------------------------------------

[2021-11-28T16:50:28+08:00] 127.0.0.1 GET tpadmin.test:8081/static/common/twitter-bootstrap/3.4.1/css/bootstrap.min.css.map
[运行时间：0.146917s] [吞吐率：6.81req/s] [内存消耗：2,890.87kb] [文件加载：55]
[ info ] [ LANG ] K:\study_php\web\tpadmin\thinkphp\lang\zh-cn.php
